# JRE version: OpenJDK Runtime Environment (11.0.16+8) (build 11.0.16+8-post-Ubuntu-0ubuntu122.04)
# Java VM: OpenJDK 64-Bit Server VM (11.0.16+8-post-Ubuntu-0ubuntu122.04, mixed mode, sharing, tiered, compressed oops, g1 gc, linux-amd64)
Heap:
 garbage-first heap   total 155648K, used 43130K [0x0000000085600000, 0x0000000100000000)
  region size 1024K, 36 young (36864K), 6 survivors (6144K)
 Metaspace       used 22169K, capacity 23270K, committed 23472K, reserved 1069056K
  class space    used 3013K, capacity 3474K, committed 3584K, reserved 1048576K
GC Heap History (12 events):
Event: 4,156 GC heap before
{Heap before GC invocations=0 (full 0):
 garbage-first heap   total 129024K, used 15052K [0x0000000085600000, 0x0000000100000000)
  region size 1024K, 14 young (14336K), 0 survivors (0K)
 Metaspace       used 5587K, capacity 5883K, committed 6016K, reserved 1056768K
  class space    used 680K, capacity 773K, committed 896K, reserved 1048576K
}
Event: 4,211 GC heap after
{Heap after GC invocations=1 (full 0):
 garbage-first heap   total 129024K, used 7226K [0x0000000085600000, 0x0000000100000000)
  region size 1024K, 2 young (2048K), 2 survivors (2048K)
 Metaspace       used 5587K, capacity 5883K, committed 6016K, reserved 1056768K
  class space    used 680K, capacity 773K, committed 896K, reserved 1048576K
}
Event: 4,656 GC heap before
{Heap before GC invocations=1 (full 0):
 garbage-first heap   total 129024K, used 11322K [0x0000000085600000, 0x0000000100000000)
  region size 1024K, 6 young (6144K), 2 survivors (2048K)
 Metaspace       used 6151K, capacity 6540K, committed 6784K, reserved 1056768K
  class space    used 751K, capacity 887K, committed 896K, reserved 1048576K
}
Event: 4,697 GC heap after
{Heap after GC invocations=2 (full 0):
 garbage-first heap   total 129024K, used 7498K [0x0000000085600000, 0x0000000100000000)
  region size 1024K, 1 young (1024K), 1 survivors (1024K)
 Metaspace       used 6151K, capacity 6540K, committed 6784K, reserved 1056768K
  class space    used 751K, capacity 887K, committed 896K, reserved 1048576K
}
Event: 5,689 GC heap before
{Heap before GC invocations=2 (full 0):
 garbage-first heap   total 129024K, used 23882K [0x0000000085600000, 0x0000000100000000)
  region size 1024K, 17 young (17408K), 1 survivors (1024K)
 Metaspace       used 8404K, capacity 9007K, committed 9216K, reserved 1056768K
  class space    used 1072K, capacity 1280K, committed 1280K, reserved 1048576K
}
Event: 5,706 GC heap after
{Heap after GC invocations=3 (full 0):
 garbage-first heap   total 129024K, used 8440K [0x0000000085600000, 0x0000000100000000)
  region size 1024K, 2 young (2048K), 2 survivors (2048K)
 Metaspace       used 8404K, capacity 9007K, committed 9216K, reserved 1056768K
  class space    used 1072K, capacity 1280K, committed 1280K, reserved 1048576K
}
Event: 8,402 GC heap before
{Heap before GC invocations=3 (full 0):
 garbage-first heap   total 129024K, used 56568K [0x0000000085600000, 0x0000000100000000)
  region size 1024K, 50 young (51200K), 2 survivors (2048K)
 Metaspace       used 14915K, capacity 15735K, committed 15872K, reserved 1062912K
  class space    used 1973K, capacity 2300K, committed 2304K, reserved 1048576K
}
Event: 8,422 GC heap after
{Heap after GC invocations=4 (full 0):
 garbage-first heap   total 129024K, used 10328K [0x0000000085600000, 0x0000000100000000)
  region size 1024K, 3 young (3072K), 3 survivors (3072K)
 Metaspace       used 14915K, capacity 15735K, committed 15872K, reserved 1062912K
  class space    used 1973K, capacity 2300K, committed 2304K, reserved 1048576K
}
Event: 12,510 GC heap before
{Heap before GC invocations=4 (full 0):
 garbage-first heap   total 129024K, used 83032K [0x0000000085600000, 0x0000000100000000)
  region size 1024K, 74 young (75776K), 3 survivors (3072K)
 Metaspace       used 19352K, capacity 20464K, committed 20736K, reserved 1067008K
  class space    used 2593K, capacity 3025K, committed 3072K, reserved 1048576K
}
Event: 12,525 GC heap after
{Heap after GC invocations=5 (full 0):
 garbage-first heap   total 155648K, used 12834K [0x0000000085600000, 0x0000000100000000)
  region size 1024K, 6 young (6144K), 6 survivors (6144K)
 Metaspace       used 19352K, capacity 20464K, committed 20736K, reserved 1067008K
  class space    used 2593K, capacity 3025K, committed 3072K, reserved 1048576K
}
Event: 13,749 GC heap before
{Heap before GC invocations=5 (full 0):
 garbage-first heap   total 155648K, used 24098K [0x0000000085600000, 0x0000000100000000)
  region size 1024K, 18 young (18432K), 6 survivors (6144K)
 Metaspace       used 20122K, capacity 21211K, committed 21296K, reserved 1067008K
  class space    used 2702K, capacity 3140K, committed 3200K, reserved 1048576K
}
Event: 13,766 GC heap after
{Heap after GC invocations=6 (full 0):
 garbage-first heap   total 155648K, used 13434K [0x0000000085600000, 0x0000000100000000)
  region size 1024K, 6 young (6144K), 6 survivors (6144K)
 Metaspace       used 20122K, capacity 21211K, committed 21296K, reserved 1067008K
  class space    used 2702K, capacity 3140K, committed 3200K, reserved 1048576K
}

